2025-03-28T17:12:59,888 - CPUUtilization.Percent:100.0|#Level:Host|#hostname:equarmjn-thinkpadp1gen5.rht.csb,timestamp:1743196379
2025-03-28T17:12:59,897 - DiskAvailable.Gigabytes:216.53779983520508|#Level:Host|#hostname:equarmjn-thinkpadp1gen5.rht.csb,timestamp:1743196379
2025-03-28T17:12:59,899 - DiskUsage.Gigabytes:733.8427543640137|#Level:Host|#hostname:equarmjn-thinkpadp1gen5.rht.csb,timestamp:1743196379
2025-03-28T17:12:59,902 - DiskUtilization.Percent:77.2|#Level:Host|#hostname:equarmjn-thinkpadp1gen5.rht.csb,timestamp:1743196379
2025-03-28T17:12:59,906 - MemoryAvailable.Megabytes:32773.0|#Level:Host|#hostname:equarmjn-thinkpadp1gen5.rht.csb,timestamp:1743196379
2025-03-28T17:12:59,906 - MemoryUsed.Megabytes:21684.14453125|#Level:Host|#hostname:equarmjn-thinkpadp1gen5.rht.csb,timestamp:1743196379
2025-03-28T17:12:59,906 - MemoryUtilization.Percent:48.8|#Level:Host|#hostname:equarmjn-thinkpadp1gen5.rht.csb,timestamp:1743196379
2025-03-28T17:46:01,450 - CPUUtilization.Percent:100.0|#Level:Host|#hostname:equarmjn-thinkpadp1gen5.rht.csb,timestamp:1743198361
2025-03-28T17:46:01,453 - DiskAvailable.Gigabytes:216.46366500854492|#Level:Host|#hostname:equarmjn-thinkpadp1gen5.rht.csb,timestamp:1743198361
2025-03-28T17:46:01,453 - DiskUsage.Gigabytes:733.9256172180176|#Level:Host|#hostname:equarmjn-thinkpadp1gen5.rht.csb,timestamp:1743198361
2025-03-28T17:46:01,453 - DiskUtilization.Percent:77.2|#Level:Host|#hostname:equarmjn-thinkpadp1gen5.rht.csb,timestamp:1743198361
2025-03-28T17:46:01,453 - MemoryAvailable.Megabytes:34567.37109375|#Level:Host|#hostname:equarmjn-thinkpadp1gen5.rht.csb,timestamp:1743198361
2025-03-28T17:46:01,453 - MemoryUsed.Megabytes:20649.25390625|#Level:Host|#hostname:equarmjn-thinkpadp1gen5.rht.csb,timestamp:1743198361
2025-03-28T17:46:01,454 - MemoryUtilization.Percent:46.0|#Level:Host|#hostname:equarmjn-thinkpadp1gen5.rht.csb,timestamp:1743198361
2025-03-28T17:46:19,975 - WorkerLoadTime.Milliseconds:19369.0|#WorkerName:W-9002-densenet161_1.0,Level:Host|#hostname:equarmjn-thinkpadp1gen5.rht.csb,timestamp:1743198379
2025-03-28T17:46:19,976 - WorkerThreadTime.Milliseconds:1.0|#Level:Host|#hostname:equarmjn-thinkpadp1gen5.rht.csb,timestamp:1743198379
2025-03-28T17:46:23,688 - WorkerLoadTime.Milliseconds:23078.0|#WorkerName:W-9012-densenet161_1.0,Level:Host|#hostname:equarmjn-thinkpadp1gen5.rht.csb,timestamp:1743198383
2025-03-28T17:46:23,688 - WorkerThreadTime.Milliseconds:0.0|#Level:Host|#hostname:equarmjn-thinkpadp1gen5.rht.csb,timestamp:1743198383
2025-03-28T17:46:25,364 - WorkerLoadTime.Milliseconds:24754.0|#WorkerName:W-9011-densenet161_1.0,Level:Host|#hostname:equarmjn-thinkpadp1gen5.rht.csb,timestamp:1743198385
2025-03-28T17:46:25,365 - WorkerThreadTime.Milliseconds:2.0|#Level:Host|#hostname:equarmjn-thinkpadp1gen5.rht.csb,timestamp:1743198385
2025-03-28T17:46:27,459 - WorkerLoadTime.Milliseconds:26848.0|#WorkerName:W-9016-densenet161_1.0,Level:Host|#hostname:equarmjn-thinkpadp1gen5.rht.csb,timestamp:1743198387
2025-03-28T17:46:27,463 - WorkerThreadTime.Milliseconds:5.0|#Level:Host|#hostname:equarmjn-thinkpadp1gen5.rht.csb,timestamp:1743198387
2025-03-28T17:46:28,135 - WorkerLoadTime.Milliseconds:27525.0|#WorkerName:W-9008-densenet161_1.0,Level:Host|#hostname:equarmjn-thinkpadp1gen5.rht.csb,timestamp:1743198388
2025-03-28T17:46:28,135 - WorkerThreadTime.Milliseconds:0.0|#Level:Host|#hostname:equarmjn-thinkpadp1gen5.rht.csb,timestamp:1743198388
2025-03-28T17:46:28,373 - WorkerLoadTime.Milliseconds:27763.0|#WorkerName:W-9007-densenet161_1.0,Level:Host|#hostname:equarmjn-thinkpadp1gen5.rht.csb,timestamp:1743198388
2025-03-28T17:46:28,373 - WorkerThreadTime.Milliseconds:0.0|#Level:Host|#hostname:equarmjn-thinkpadp1gen5.rht.csb,timestamp:1743198388
2025-03-28T17:46:28,491 - WorkerLoadTime.Milliseconds:27881.0|#WorkerName:W-9015-densenet161_1.0,Level:Host|#hostname:equarmjn-thinkpadp1gen5.rht.csb,timestamp:1743198388
2025-03-28T17:46:28,494 - WorkerThreadTime.Milliseconds:5.0|#Level:Host|#hostname:equarmjn-thinkpadp1gen5.rht.csb,timestamp:1743198388
2025-03-28T17:46:29,119 - WorkerLoadTime.Milliseconds:28513.0|#WorkerName:W-9003-densenet161_1.0,Level:Host|#hostname:equarmjn-thinkpadp1gen5.rht.csb,timestamp:1743198389
2025-03-28T17:46:29,120 - WorkerThreadTime.Milliseconds:1.0|#Level:Host|#hostname:equarmjn-thinkpadp1gen5.rht.csb,timestamp:1743198389
2025-03-28T17:46:30,011 - WorkerLoadTime.Milliseconds:29400.0|#WorkerName:W-9018-densenet161_1.0,Level:Host|#hostname:equarmjn-thinkpadp1gen5.rht.csb,timestamp:1743198390
2025-03-28T17:46:30,014 - WorkerThreadTime.Milliseconds:4.0|#Level:Host|#hostname:equarmjn-thinkpadp1gen5.rht.csb,timestamp:1743198390
2025-03-28T17:46:30,269 - WorkerLoadTime.Milliseconds:29659.0|#WorkerName:W-9014-densenet161_1.0,Level:Host|#hostname:equarmjn-thinkpadp1gen5.rht.csb,timestamp:1743198390
2025-03-28T17:46:30,269 - WorkerThreadTime.Milliseconds:5.0|#Level:Host|#hostname:equarmjn-thinkpadp1gen5.rht.csb,timestamp:1743198390
2025-03-28T17:46:30,278 - WorkerLoadTime.Milliseconds:29672.0|#WorkerName:W-9004-densenet161_1.0,Level:Host|#hostname:equarmjn-thinkpadp1gen5.rht.csb,timestamp:1743198390
2025-03-28T17:46:30,280 - WorkerThreadTime.Milliseconds:6.0|#Level:Host|#hostname:equarmjn-thinkpadp1gen5.rht.csb,timestamp:1743198390
2025-03-28T17:46:30,513 - WorkerLoadTime.Milliseconds:29903.0|#WorkerName:W-9010-densenet161_1.0,Level:Host|#hostname:equarmjn-thinkpadp1gen5.rht.csb,timestamp:1743198390
2025-03-28T17:46:30,513 - WorkerThreadTime.Milliseconds:1.0|#Level:Host|#hostname:equarmjn-thinkpadp1gen5.rht.csb,timestamp:1743198390
2025-03-28T17:46:31,236 - WorkerLoadTime.Milliseconds:30630.0|#WorkerName:W-9001-densenet161_1.0,Level:Host|#hostname:equarmjn-thinkpadp1gen5.rht.csb,timestamp:1743198391
2025-03-28T17:46:31,237 - WorkerThreadTime.Milliseconds:1.0|#Level:Host|#hostname:equarmjn-thinkpadp1gen5.rht.csb,timestamp:1743198391
2025-03-28T17:46:32,154 - WorkerLoadTime.Milliseconds:31543.0|#WorkerName:W-9019-densenet161_1.0,Level:Host|#hostname:equarmjn-thinkpadp1gen5.rht.csb,timestamp:1743198392
2025-03-28T17:46:32,154 - WorkerThreadTime.Milliseconds:5.0|#Level:Host|#hostname:equarmjn-thinkpadp1gen5.rht.csb,timestamp:1743198392
2025-03-28T17:46:32,219 - WorkerLoadTime.Milliseconds:31607.0|#WorkerName:W-9017-densenet161_1.0,Level:Host|#hostname:equarmjn-thinkpadp1gen5.rht.csb,timestamp:1743198392
2025-03-28T17:46:32,219 - WorkerThreadTime.Milliseconds:6.0|#Level:Host|#hostname:equarmjn-thinkpadp1gen5.rht.csb,timestamp:1743198392
2025-03-28T17:46:32,270 - WorkerLoadTime.Milliseconds:31660.0|#WorkerName:W-9013-densenet161_1.0,Level:Host|#hostname:equarmjn-thinkpadp1gen5.rht.csb,timestamp:1743198392
2025-03-28T17:46:32,271 - WorkerThreadTime.Milliseconds:2.0|#Level:Host|#hostname:equarmjn-thinkpadp1gen5.rht.csb,timestamp:1743198392
2025-03-28T17:46:32,294 - WorkerLoadTime.Milliseconds:31689.0|#WorkerName:W-9000-densenet161_1.0,Level:Host|#hostname:equarmjn-thinkpadp1gen5.rht.csb,timestamp:1743198392
2025-03-28T17:46:32,295 - WorkerThreadTime.Milliseconds:1.0|#Level:Host|#hostname:equarmjn-thinkpadp1gen5.rht.csb,timestamp:1743198392
2025-03-28T17:46:32,414 - WorkerLoadTime.Milliseconds:31804.0|#WorkerName:W-9006-densenet161_1.0,Level:Host|#hostname:equarmjn-thinkpadp1gen5.rht.csb,timestamp:1743198392
2025-03-28T17:46:32,414 - WorkerThreadTime.Milliseconds:1.0|#Level:Host|#hostname:equarmjn-thinkpadp1gen5.rht.csb,timestamp:1743198392
2025-03-28T17:46:32,512 - WorkerLoadTime.Milliseconds:31902.0|#WorkerName:W-9009-densenet161_1.0,Level:Host|#hostname:equarmjn-thinkpadp1gen5.rht.csb,timestamp:1743198392
2025-03-28T17:46:32,512 - WorkerThreadTime.Milliseconds:1.0|#Level:Host|#hostname:equarmjn-thinkpadp1gen5.rht.csb,timestamp:1743198392
2025-03-28T17:46:32,711 - WorkerLoadTime.Milliseconds:32105.0|#WorkerName:W-9005-densenet161_1.0,Level:Host|#hostname:equarmjn-thinkpadp1gen5.rht.csb,timestamp:1743198392
2025-03-28T17:46:32,711 - WorkerThreadTime.Milliseconds:1.0|#Level:Host|#hostname:equarmjn-thinkpadp1gen5.rht.csb,timestamp:1743198392
2025-03-28T17:47:01,229 - CPUUtilization.Percent:0.0|#Level:Host|#hostname:equarmjn-thinkpadp1gen5.rht.csb,timestamp:1743198421
2025-03-28T17:47:01,230 - DiskAvailable.Gigabytes:216.46340560913086|#Level:Host|#hostname:equarmjn-thinkpadp1gen5.rht.csb,timestamp:1743198421
2025-03-28T17:47:01,230 - DiskUsage.Gigabytes:733.9258460998535|#Level:Host|#hostname:equarmjn-thinkpadp1gen5.rht.csb,timestamp:1743198421
2025-03-28T17:47:01,230 - DiskUtilization.Percent:77.2|#Level:Host|#hostname:equarmjn-thinkpadp1gen5.rht.csb,timestamp:1743198421
2025-03-28T17:47:01,230 - MemoryAvailable.Megabytes:19079.98828125|#Level:Host|#hostname:equarmjn-thinkpadp1gen5.rht.csb,timestamp:1743198421
2025-03-28T17:47:01,230 - MemoryUsed.Megabytes:36223.4453125|#Level:Host|#hostname:equarmjn-thinkpadp1gen5.rht.csb,timestamp:1743198421
2025-03-28T17:47:01,230 - MemoryUtilization.Percent:70.2|#Level:Host|#hostname:equarmjn-thinkpadp1gen5.rht.csb,timestamp:1743198421
2025-03-28T17:47:25,191 - ts_inference_requests_total.Count:1.0|#model_name:densenet161,model_version:default|#hostname:equarmjn-thinkpadp1gen5.rht.csb,timestamp:1743198445
2025-03-28T17:47:38,496 - Requests5XX.Count:1.0|#Level:Host|#hostname:equarmjn-thinkpadp1gen5.rht.csb,timestamp:1743198458
2025-03-28T17:47:38,496 - WorkerThreadTime.Milliseconds:2.0|#Level:Host|#hostname:equarmjn-thinkpadp1gen5.rht.csb,timestamp:1743198458
2025-03-28T17:48:01,221 - CPUUtilization.Percent:0.0|#Level:Host|#hostname:equarmjn-thinkpadp1gen5.rht.csb,timestamp:1743198481
2025-03-28T17:48:01,221 - DiskAvailable.Gigabytes:216.4615707397461|#Level:Host|#hostname:equarmjn-thinkpadp1gen5.rht.csb,timestamp:1743198481
2025-03-28T17:48:01,221 - DiskUsage.Gigabytes:733.9277420043945|#Level:Host|#hostname:equarmjn-thinkpadp1gen5.rht.csb,timestamp:1743198481
2025-03-28T17:48:01,221 - DiskUtilization.Percent:77.2|#Level:Host|#hostname:equarmjn-thinkpadp1gen5.rht.csb,timestamp:1743198481
2025-03-28T17:48:01,221 - MemoryAvailable.Megabytes:18881.1796875|#Level:Host|#hostname:equarmjn-thinkpadp1gen5.rht.csb,timestamp:1743198481
2025-03-28T17:48:01,221 - MemoryUsed.Megabytes:36386.48046875|#Level:Host|#hostname:equarmjn-thinkpadp1gen5.rht.csb,timestamp:1743198481
2025-03-28T17:48:01,221 - MemoryUtilization.Percent:70.5|#Level:Host|#hostname:equarmjn-thinkpadp1gen5.rht.csb,timestamp:1743198481
2025-03-28T17:50:50,616 - CPUUtilization.Percent:100.0|#Level:Host|#hostname:equarmjn-thinkpadp1gen5.rht.csb,timestamp:1743198650
2025-03-28T17:50:50,620 - DiskAvailable.Gigabytes:216.46179962158203|#Level:Host|#hostname:equarmjn-thinkpadp1gen5.rht.csb,timestamp:1743198650
2025-03-28T17:50:50,621 - DiskUsage.Gigabytes:733.9274826049805|#Level:Host|#hostname:equarmjn-thinkpadp1gen5.rht.csb,timestamp:1743198650
2025-03-28T17:50:50,621 - DiskUtilization.Percent:77.2|#Level:Host|#hostname:equarmjn-thinkpadp1gen5.rht.csb,timestamp:1743198650
2025-03-28T17:50:50,623 - MemoryAvailable.Megabytes:34429.75|#Level:Host|#hostname:equarmjn-thinkpadp1gen5.rht.csb,timestamp:1743198650
2025-03-28T17:50:50,627 - MemoryUsed.Megabytes:20806.0390625|#Level:Host|#hostname:equarmjn-thinkpadp1gen5.rht.csb,timestamp:1743198650
2025-03-28T17:50:50,628 - MemoryUtilization.Percent:46.2|#Level:Host|#hostname:equarmjn-thinkpadp1gen5.rht.csb,timestamp:1743198650
2025-03-28T17:51:11,708 - WorkerLoadTime.Milliseconds:21749.0|#WorkerName:W-9015-densenet161_1.0,Level:Host|#hostname:equarmjn-thinkpadp1gen5.rht.csb,timestamp:1743198671
2025-03-28T17:51:11,708 - WorkerThreadTime.Milliseconds:0.0|#Level:Host|#hostname:equarmjn-thinkpadp1gen5.rht.csb,timestamp:1743198671
2025-03-28T17:51:12,803 - WorkerLoadTime.Milliseconds:22845.0|#WorkerName:W-9010-densenet161_1.0,Level:Host|#hostname:equarmjn-thinkpadp1gen5.rht.csb,timestamp:1743198672
2025-03-28T17:51:12,804 - WorkerThreadTime.Milliseconds:10.0|#Level:Host|#hostname:equarmjn-thinkpadp1gen5.rht.csb,timestamp:1743198672
2025-03-28T17:51:13,630 - WorkerLoadTime.Milliseconds:23670.0|#WorkerName:W-9018-densenet161_1.0,Level:Host|#hostname:equarmjn-thinkpadp1gen5.rht.csb,timestamp:1743198673
2025-03-28T17:51:13,630 - WorkerThreadTime.Milliseconds:4.0|#Level:Host|#hostname:equarmjn-thinkpadp1gen5.rht.csb,timestamp:1743198673
2025-03-28T17:51:14,584 - WorkerLoadTime.Milliseconds:24625.0|#WorkerName:W-9014-densenet161_1.0,Level:Host|#hostname:equarmjn-thinkpadp1gen5.rht.csb,timestamp:1743198674
2025-03-28T17:51:14,584 - WorkerThreadTime.Milliseconds:0.0|#Level:Host|#hostname:equarmjn-thinkpadp1gen5.rht.csb,timestamp:1743198674
2025-03-28T17:51:14,790 - WorkerLoadTime.Milliseconds:24830.0|#WorkerName:W-9019-densenet161_1.0,Level:Host|#hostname:equarmjn-thinkpadp1gen5.rht.csb,timestamp:1743198674
2025-03-28T17:51:14,790 - WorkerThreadTime.Milliseconds:1.0|#Level:Host|#hostname:equarmjn-thinkpadp1gen5.rht.csb,timestamp:1743198674
2025-03-28T17:51:14,793 - WorkerLoadTime.Milliseconds:24834.0|#WorkerName:W-9011-densenet161_1.0,Level:Host|#hostname:equarmjn-thinkpadp1gen5.rht.csb,timestamp:1743198674
2025-03-28T17:51:14,793 - WorkerThreadTime.Milliseconds:0.0|#Level:Host|#hostname:equarmjn-thinkpadp1gen5.rht.csb,timestamp:1743198674
2025-03-28T17:51:14,896 - WorkerLoadTime.Milliseconds:24938.0|#WorkerName:W-9008-densenet161_1.0,Level:Host|#hostname:equarmjn-thinkpadp1gen5.rht.csb,timestamp:1743198674
2025-03-28T17:51:14,896 - WorkerThreadTime.Milliseconds:1.0|#Level:Host|#hostname:equarmjn-thinkpadp1gen5.rht.csb,timestamp:1743198674
2025-03-28T17:51:15,531 - WorkerLoadTime.Milliseconds:25573.0|#WorkerName:W-9009-densenet161_1.0,Level:Host|#hostname:equarmjn-thinkpadp1gen5.rht.csb,timestamp:1743198675
2025-03-28T17:51:15,531 - WorkerThreadTime.Milliseconds:4.0|#Level:Host|#hostname:equarmjn-thinkpadp1gen5.rht.csb,timestamp:1743198675
2025-03-28T17:51:15,642 - WorkerLoadTime.Milliseconds:25682.0|#WorkerName:W-9016-densenet161_1.0,Level:Host|#hostname:equarmjn-thinkpadp1gen5.rht.csb,timestamp:1743198675
2025-03-28T17:51:15,642 - WorkerThreadTime.Milliseconds:0.0|#Level:Host|#hostname:equarmjn-thinkpadp1gen5.rht.csb,timestamp:1743198675
2025-03-28T17:51:15,756 - WorkerLoadTime.Milliseconds:25796.0|#WorkerName:W-9017-densenet161_1.0,Level:Host|#hostname:equarmjn-thinkpadp1gen5.rht.csb,timestamp:1743198675
2025-03-28T17:51:15,756 - WorkerThreadTime.Milliseconds:3.0|#Level:Host|#hostname:equarmjn-thinkpadp1gen5.rht.csb,timestamp:1743198675
2025-03-28T17:51:15,815 - WorkerLoadTime.Milliseconds:25856.0|#WorkerName:W-9012-densenet161_1.0,Level:Host|#hostname:equarmjn-thinkpadp1gen5.rht.csb,timestamp:1743198675
2025-03-28T17:51:15,815 - WorkerThreadTime.Milliseconds:1.0|#Level:Host|#hostname:equarmjn-thinkpadp1gen5.rht.csb,timestamp:1743198675
2025-03-28T17:51:15,952 - WorkerLoadTime.Milliseconds:25997.0|#WorkerName:W-9002-densenet161_1.0,Level:Host|#hostname:equarmjn-thinkpadp1gen5.rht.csb,timestamp:1743198675
2025-03-28T17:51:15,952 - WorkerThreadTime.Milliseconds:0.0|#Level:Host|#hostname:equarmjn-thinkpadp1gen5.rht.csb,timestamp:1743198675
2025-03-28T17:51:16,150 - WorkerLoadTime.Milliseconds:26192.0|#WorkerName:W-9006-densenet161_1.0,Level:Host|#hostname:equarmjn-thinkpadp1gen5.rht.csb,timestamp:1743198676
2025-03-28T17:51:16,150 - WorkerThreadTime.Milliseconds:1.0|#Level:Host|#hostname:equarmjn-thinkpadp1gen5.rht.csb,timestamp:1743198676
2025-03-28T17:51:16,192 - WorkerLoadTime.Milliseconds:26239.0|#WorkerName:W-9000-densenet161_1.0,Level:Host|#hostname:equarmjn-thinkpadp1gen5.rht.csb,timestamp:1743198676
2025-03-28T17:51:16,192 - WorkerThreadTime.Milliseconds:1.0|#Level:Host|#hostname:equarmjn-thinkpadp1gen5.rht.csb,timestamp:1743198676
2025-03-28T17:51:16,267 - WorkerLoadTime.Milliseconds:26308.0|#WorkerName:W-9013-densenet161_1.0,Level:Host|#hostname:equarmjn-thinkpadp1gen5.rht.csb,timestamp:1743198676
2025-03-28T17:51:16,267 - WorkerThreadTime.Milliseconds:4.0|#Level:Host|#hostname:equarmjn-thinkpadp1gen5.rht.csb,timestamp:1743198676
2025-03-28T17:51:16,280 - WorkerLoadTime.Milliseconds:26326.0|#WorkerName:W-9001-densenet161_1.0,Level:Host|#hostname:equarmjn-thinkpadp1gen5.rht.csb,timestamp:1743198676
2025-03-28T17:51:16,280 - WorkerThreadTime.Milliseconds:1.0|#Level:Host|#hostname:equarmjn-thinkpadp1gen5.rht.csb,timestamp:1743198676
2025-03-28T17:51:16,282 - WorkerLoadTime.Milliseconds:26327.0|#WorkerName:W-9005-densenet161_1.0,Level:Host|#hostname:equarmjn-thinkpadp1gen5.rht.csb,timestamp:1743198676
2025-03-28T17:51:16,282 - WorkerThreadTime.Milliseconds:0.0|#Level:Host|#hostname:equarmjn-thinkpadp1gen5.rht.csb,timestamp:1743198676
2025-03-28T17:51:16,287 - WorkerLoadTime.Milliseconds:26332.0|#WorkerName:W-9004-densenet161_1.0,Level:Host|#hostname:equarmjn-thinkpadp1gen5.rht.csb,timestamp:1743198676
2025-03-28T17:51:16,287 - WorkerThreadTime.Milliseconds:0.0|#Level:Host|#hostname:equarmjn-thinkpadp1gen5.rht.csb,timestamp:1743198676
2025-03-28T17:51:16,319 - WorkerLoadTime.Milliseconds:26360.0|#WorkerName:W-9007-densenet161_1.0,Level:Host|#hostname:equarmjn-thinkpadp1gen5.rht.csb,timestamp:1743198676
2025-03-28T17:51:16,319 - WorkerThreadTime.Milliseconds:1.0|#Level:Host|#hostname:equarmjn-thinkpadp1gen5.rht.csb,timestamp:1743198676
2025-03-28T17:51:16,325 - WorkerLoadTime.Milliseconds:26370.0|#WorkerName:W-9003-densenet161_1.0,Level:Host|#hostname:equarmjn-thinkpadp1gen5.rht.csb,timestamp:1743198676
2025-03-28T17:51:16,325 - WorkerThreadTime.Milliseconds:0.0|#Level:Host|#hostname:equarmjn-thinkpadp1gen5.rht.csb,timestamp:1743198676
2025-03-28T17:51:23,146 - ts_inference_requests_total.Count:1.0|#model_name:densenet161,model_version:default|#hostname:equarmjn-thinkpadp1gen5.rht.csb,timestamp:1743198683
2025-03-28T17:51:23,268 - Requests2XX.Count:1.0|#Level:Host|#hostname:equarmjn-thinkpadp1gen5.rht.csb,timestamp:1743198683
2025-03-28T17:51:23,269 - ts_inference_latency_microseconds.Microseconds:121423.718|#model_name:densenet161,model_version:default|#hostname:equarmjn-thinkpadp1gen5.rht.csb,timestamp:1743198683
2025-03-28T17:51:23,269 - ts_queue_latency_microseconds.Microseconds:135.031|#model_name:densenet161,model_version:default|#hostname:equarmjn-thinkpadp1gen5.rht.csb,timestamp:1743198683
2025-03-28T17:51:23,269 - QueueTime.Milliseconds:0.0|#Level:Host|#hostname:equarmjn-thinkpadp1gen5.rht.csb,timestamp:1743198683
2025-03-28T17:51:23,269 - WorkerThreadTime.Milliseconds:1.0|#Level:Host|#hostname:equarmjn-thinkpadp1gen5.rht.csb,timestamp:1743198683
2025-03-28T17:51:50,486 - CPUUtilization.Percent:0.0|#Level:Host|#hostname:equarmjn-thinkpadp1gen5.rht.csb,timestamp:1743198710
2025-03-28T17:51:50,486 - DiskAvailable.Gigabytes:216.46178817749023|#Level:Host|#hostname:equarmjn-thinkpadp1gen5.rht.csb,timestamp:1743198710
2025-03-28T17:51:50,486 - DiskUsage.Gigabytes:733.9274940490723|#Level:Host|#hostname:equarmjn-thinkpadp1gen5.rht.csb,timestamp:1743198710
2025-03-28T17:51:50,486 - DiskUtilization.Percent:77.2|#Level:Host|#hostname:equarmjn-thinkpadp1gen5.rht.csb,timestamp:1743198710
2025-03-28T17:51:50,486 - MemoryAvailable.Megabytes:26291.9453125|#Level:Host|#hostname:equarmjn-thinkpadp1gen5.rht.csb,timestamp:1743198710
2025-03-28T17:51:50,486 - MemoryUsed.Megabytes:28770.1640625|#Level:Host|#hostname:equarmjn-thinkpadp1gen5.rht.csb,timestamp:1743198710
2025-03-28T17:51:50,487 - MemoryUtilization.Percent:58.9|#Level:Host|#hostname:equarmjn-thinkpadp1gen5.rht.csb,timestamp:1743198710
2025-03-28T17:52:50,485 - CPUUtilization.Percent:33.3|#Level:Host|#hostname:equarmjn-thinkpadp1gen5.rht.csb,timestamp:1743198770
2025-03-28T17:52:50,485 - DiskAvailable.Gigabytes:216.46058654785156|#Level:Host|#hostname:equarmjn-thinkpadp1gen5.rht.csb,timestamp:1743198770
2025-03-28T17:52:50,485 - DiskUsage.Gigabytes:733.9286956787109|#Level:Host|#hostname:equarmjn-thinkpadp1gen5.rht.csb,timestamp:1743198770
2025-03-28T17:52:50,485 - DiskUtilization.Percent:77.2|#Level:Host|#hostname:equarmjn-thinkpadp1gen5.rht.csb,timestamp:1743198770
2025-03-28T17:52:50,485 - MemoryAvailable.Megabytes:26329.2578125|#Level:Host|#hostname:equarmjn-thinkpadp1gen5.rht.csb,timestamp:1743198770
2025-03-28T17:52:50,485 - MemoryUsed.Megabytes:28802.48828125|#Level:Host|#hostname:equarmjn-thinkpadp1gen5.rht.csb,timestamp:1743198770
2025-03-28T17:52:50,485 - MemoryUtilization.Percent:58.9|#Level:Host|#hostname:equarmjn-thinkpadp1gen5.rht.csb,timestamp:1743198770
2025-03-28T17:53:50,490 - CPUUtilization.Percent:0.0|#Level:Host|#hostname:equarmjn-thinkpadp1gen5.rht.csb,timestamp:1743198830
2025-03-28T17:53:50,490 - DiskAvailable.Gigabytes:216.46066284179688|#Level:Host|#hostname:equarmjn-thinkpadp1gen5.rht.csb,timestamp:1743198830
2025-03-28T17:53:50,490 - DiskUsage.Gigabytes:733.9286499023438|#Level:Host|#hostname:equarmjn-thinkpadp1gen5.rht.csb,timestamp:1743198830
2025-03-28T17:53:50,490 - DiskUtilization.Percent:77.2|#Level:Host|#hostname:equarmjn-thinkpadp1gen5.rht.csb,timestamp:1743198830
2025-03-28T17:53:50,490 - MemoryAvailable.Megabytes:26411.2265625|#Level:Host|#hostname:equarmjn-thinkpadp1gen5.rht.csb,timestamp:1743198830
2025-03-28T17:53:50,490 - MemoryUsed.Megabytes:28717.84765625|#Level:Host|#hostname:equarmjn-thinkpadp1gen5.rht.csb,timestamp:1743198830
2025-03-28T17:53:50,490 - MemoryUtilization.Percent:58.7|#Level:Host|#hostname:equarmjn-thinkpadp1gen5.rht.csb,timestamp:1743198830
2025-03-28T17:54:50,491 - CPUUtilization.Percent:33.3|#Level:Host|#hostname:equarmjn-thinkpadp1gen5.rht.csb,timestamp:1743198890
2025-03-28T17:54:50,491 - DiskAvailable.Gigabytes:216.46156692504883|#Level:Host|#hostname:equarmjn-thinkpadp1gen5.rht.csb,timestamp:1743198890
2025-03-28T17:54:50,491 - DiskUsage.Gigabytes:733.9277458190918|#Level:Host|#hostname:equarmjn-thinkpadp1gen5.rht.csb,timestamp:1743198890
2025-03-28T17:54:50,491 - DiskUtilization.Percent:77.2|#Level:Host|#hostname:equarmjn-thinkpadp1gen5.rht.csb,timestamp:1743198890
2025-03-28T17:54:50,491 - MemoryAvailable.Megabytes:26396.8984375|#Level:Host|#hostname:equarmjn-thinkpadp1gen5.rht.csb,timestamp:1743198890
2025-03-28T17:54:50,491 - MemoryUsed.Megabytes:28751.57421875|#Level:Host|#hostname:equarmjn-thinkpadp1gen5.rht.csb,timestamp:1743198890
2025-03-28T17:54:50,491 - MemoryUtilization.Percent:58.8|#Level:Host|#hostname:equarmjn-thinkpadp1gen5.rht.csb,timestamp:1743198890
2025-03-28T17:55:50,495 - CPUUtilization.Percent:0.0|#Level:Host|#hostname:equarmjn-thinkpadp1gen5.rht.csb,timestamp:1743198950
2025-03-28T17:55:50,495 - DiskAvailable.Gigabytes:216.46070098876953|#Level:Host|#hostname:equarmjn-thinkpadp1gen5.rht.csb,timestamp:1743198950
2025-03-28T17:55:50,495 - DiskUsage.Gigabytes:733.9286117553711|#Level:Host|#hostname:equarmjn-thinkpadp1gen5.rht.csb,timestamp:1743198950
2025-03-28T17:55:50,495 - DiskUtilization.Percent:77.2|#Level:Host|#hostname:equarmjn-thinkpadp1gen5.rht.csb,timestamp:1743198950
2025-03-28T17:55:50,495 - MemoryAvailable.Megabytes:26518.4609375|#Level:Host|#hostname:equarmjn-thinkpadp1gen5.rht.csb,timestamp:1743198950
2025-03-28T17:55:50,495 - MemoryUsed.Megabytes:28742.5390625|#Level:Host|#hostname:equarmjn-thinkpadp1gen5.rht.csb,timestamp:1743198950
2025-03-28T17:55:50,495 - MemoryUtilization.Percent:58.6|#Level:Host|#hostname:equarmjn-thinkpadp1gen5.rht.csb,timestamp:1743198950
2025-03-28T17:56:50,491 - CPUUtilization.Percent:0.0|#Level:Host|#hostname:equarmjn-thinkpadp1gen5.rht.csb,timestamp:1743199010
2025-03-28T17:56:50,491 - DiskAvailable.Gigabytes:212.654052734375|#Level:Host|#hostname:equarmjn-thinkpadp1gen5.rht.csb,timestamp:1743199010
2025-03-28T17:56:50,491 - DiskUsage.Gigabytes:737.7884826660156|#Level:Host|#hostname:equarmjn-thinkpadp1gen5.rht.csb,timestamp:1743199010
2025-03-28T17:56:50,491 - DiskUtilization.Percent:77.6|#Level:Host|#hostname:equarmjn-thinkpadp1gen5.rht.csb,timestamp:1743199010
2025-03-28T17:56:50,492 - MemoryAvailable.Megabytes:26150.00390625|#Level:Host|#hostname:equarmjn-thinkpadp1gen5.rht.csb,timestamp:1743199010
2025-03-28T17:56:50,492 - MemoryUsed.Megabytes:28794.76953125|#Level:Host|#hostname:equarmjn-thinkpadp1gen5.rht.csb,timestamp:1743199010
2025-03-28T17:56:50,492 - MemoryUtilization.Percent:59.1|#Level:Host|#hostname:equarmjn-thinkpadp1gen5.rht.csb,timestamp:1743199010
2025-03-28T17:57:50,493 - CPUUtilization.Percent:0.0|#Level:Host|#hostname:equarmjn-thinkpadp1gen5.rht.csb,timestamp:1743199070
2025-03-28T17:57:50,493 - DiskAvailable.Gigabytes:212.44737243652344|#Level:Host|#hostname:equarmjn-thinkpadp1gen5.rht.csb,timestamp:1743199070
2025-03-28T17:57:50,493 - DiskUsage.Gigabytes:738.0027313232422|#Level:Host|#hostname:equarmjn-thinkpadp1gen5.rht.csb,timestamp:1743199070
2025-03-28T17:57:50,493 - DiskUtilization.Percent:77.6|#Level:Host|#hostname:equarmjn-thinkpadp1gen5.rht.csb,timestamp:1743199070
2025-03-28T17:57:50,493 - MemoryAvailable.Megabytes:25990.984375|#Level:Host|#hostname:equarmjn-thinkpadp1gen5.rht.csb,timestamp:1743199070
2025-03-28T17:57:50,493 - MemoryUsed.Megabytes:28959.0|#Level:Host|#hostname:equarmjn-thinkpadp1gen5.rht.csb,timestamp:1743199070
2025-03-28T17:57:50,494 - MemoryUtilization.Percent:59.4|#Level:Host|#hostname:equarmjn-thinkpadp1gen5.rht.csb,timestamp:1743199070
2025-03-28T17:58:50,495 - CPUUtilization.Percent:0.0|#Level:Host|#hostname:equarmjn-thinkpadp1gen5.rht.csb,timestamp:1743199130
2025-03-28T17:58:50,496 - DiskAvailable.Gigabytes:212.20858001708984|#Level:Host|#hostname:equarmjn-thinkpadp1gen5.rht.csb,timestamp:1743199130
2025-03-28T17:58:50,496 - DiskUsage.Gigabytes:738.2427139282227|#Level:Host|#hostname:equarmjn-thinkpadp1gen5.rht.csb,timestamp:1743199130
2025-03-28T17:58:50,496 - DiskUtilization.Percent:77.7|#Level:Host|#hostname:equarmjn-thinkpadp1gen5.rht.csb,timestamp:1743199130
2025-03-28T17:58:50,496 - MemoryAvailable.Megabytes:26162.921875|#Level:Host|#hostname:equarmjn-thinkpadp1gen5.rht.csb,timestamp:1743199130
2025-03-28T17:58:50,496 - MemoryUsed.Megabytes:28765.390625|#Level:Host|#hostname:equarmjn-thinkpadp1gen5.rht.csb,timestamp:1743199130
2025-03-28T17:58:50,496 - MemoryUtilization.Percent:59.1|#Level:Host|#hostname:equarmjn-thinkpadp1gen5.rht.csb,timestamp:1743199130
